Z:\PELIOHJELMOINTI\PELIPROJEKTI\TYKKIPELI\DEBUG\AMMUS.OBJ
Z:\PELIOHJELMOINTI\PELIPROJEKTI\TYKKIPELI\DEBUG\STDAFX.OBJ
Z:\PELIOHJELMOINTI\PELIPROJEKTI\TYKKIPELI\DEBUG\TESTAUS.OBJ
Z:\PELIOHJELMOINTI\PELIPROJEKTI\TYKKIPELI\DEBUG\WORLD.OBJ
Z:\PELIOHJELMOINTI\PELIPROJEKTI\TYKKIPELI\DEBUG\VC110.PDB
Z:\PELIOHJELMOINTI\PELIPROJEKTI\TYKKIPELI\DEBUG\PIIRTO.OBJ
Z:\PELIOHJELMOINTI\PELIPROJEKTI\TYKKIPELI\DEBUG\TYKKIPELI.PDB
Z:\Peliohjelmointi\Peliprojekti\Tykkipeli\Debug\Ammus.obj
Z:\Peliohjelmointi\Peliprojekti\Tykkipeli\Debug\stdafx.obj
Z:\Peliohjelmointi\Peliprojekti\Tykkipeli\Debug\World.obj
Z:\Peliohjelmointi\Peliprojekti\Tykkipeli\Debug\Testaus.obj
Z:\Peliohjelmointi\Peliprojekti\Tykkipeli\Debug\Tykkipeli.ilk
Z:\Peliohjelmointi\Peliprojekti\Tykkipeli\Debug\CL.read.1.tlog
Z:\Peliohjelmointi\Peliprojekti\Tykkipeli\Debug\CL.write.1.tlog
Z:\Peliohjelmointi\Peliprojekti\Tykkipeli\Debug\cl.command.1.tlog
Z:\Peliohjelmointi\Peliprojekti\Tykkipeli\Debug\link.5160.read.1.tlog
Z:\Peliohjelmointi\Peliprojekti\Tykkipeli\Debug\link-rc.read.1.tlog
Z:\Peliohjelmointi\Peliprojekti\Tykkipeli\Debug\link-rc.write.1.tlog
Z:\Peliohjelmointi\Peliprojekti\Tykkipeli\Debug\link-cvtres.read.1.tlog
Z:\Peliohjelmointi\Peliprojekti\Tykkipeli\Debug\link-cvtres.write.1.tlog
Z:\Peliohjelmointi\Peliprojekti\Tykkipeli\Debug\link.read.1.tlog
Z:\Peliohjelmointi\Peliprojekti\Tykkipeli\Debug\link.write.1.tlog
Z:\Peliohjelmointi\Peliprojekti\Tykkipeli\Debug\link.command.1.tlog
Z:\Peliohjelmointi\Peliprojekti\Tykkipeli\Debug\link.5160-rc.read.1.tlog
Z:\Peliohjelmointi\Peliprojekti\Tykkipeli\Debug\link.5160-rc.write.1.tlog
Z:\Peliohjelmointi\Peliprojekti\Tykkipeli\Debug\link.5160-cvtres.read.1.tlog
Z:\Peliohjelmointi\Peliprojekti\Tykkipeli\Debug\link.5160-cvtres.write.1.tlog
Z:\Peliohjelmointi\Peliprojekti\Tykkipeli\Debug\link.5160.write.1.tlog
Z:\Peliohjelmointi\Peliprojekti\Tykkipeli\Debug\vc110.idb
Z:\Peliohjelmointi\Peliprojekti\Tykkipeli\Debug\vc110.pdb
Z:\Peliohjelmointi\Peliprojekti\Tykkipeli\Debug\Tykkipeli.pdb
Z:\Peliohjelmointi\Peliprojekti\Tykkipeli\Debug\Tykkipeli.exe
